<?xml version="1.0" encoding="UTF-8"?>
<!-- Generated by org.testng.reporters.JUnitXMLReporter -->
<testsuite hostname="MacBook-Pro-2.local" ignored="0" name="t001" tests="1" failures="1" timestamp="11 nov 2017 02:18:03 GMT" time="33.344" errors="0">
  <testcase name="findFlight" time="8.609" classname="test.reservarvuelo.ValidarCampos">
    <failure type="java.lang.AssertionError" message="No se encontró el radio round trip">
      <![CDATA[java.lang.AssertionError: No se encontró el radio round trip
	at test.reservarvuelo.ValidarCampos.findFlight(ValidarCampos.java:14)
... Removed 26 stack frames]]>
    </failure>
  </testcase> <!-- findFlight -->
</testsuite> <!-- t001 -->
