<?xml version="1.0" encoding="UTF-8"?>
<!-- Generated by org.testng.reporters.JUnitXMLReporter -->
<testsuite hostname="MacBook-Pro-2.local" ignored="0" name="t002" tests="3" failures="1" timestamp="11 nov 2017 02:19:06 GMT" time="62.46" errors="0">
  <testcase name="buscarVuelos" time="58.881" classname="test.reservarvuelo.ReservarCorrecto">
    <failure type="java.lang.NullPointerException">
      <![CDATA[java.lang.NullPointerException
	at org.openqa.selenium.support.pagefactory.internal.LocatingElementHandler.invoke(LocatingElementHandler.java:51)
	at com.sun.proxy.$Proxy9.isDisplayed(Unknown Source)
	at base.PageBase.isElementPresentAndDisplay(PageBase.java:90)
	at base.PageBase.selectDropdownValue(PageBase.java:115)
	at pagesObjects.FindFlightPage.buscar(FindFlightPage.java:115)
	at test.reservarvuelo.ReservarCorrecto.buscarVuelos(ReservarCorrecto.java:14)
... Removed 29 stack frames]]>
    </failure>
  </testcase> <!-- buscarVuelos -->
  <testcase name="seleccionarVuelo" time="0.0" classname="test.reservarvuelo.ReservarCorrecto">
    <skipped/>
  </testcase> <!-- seleccionarVuelo -->
  <testcase name="reservarVuelo" time="0.0" classname="test.reservarvuelo.ReservarCorrecto">
    <skipped/>
  </testcase> <!-- reservarVuelo -->
</testsuite> <!-- t002 -->
