<?xml version="1.0" encoding="UTF-8"?>
<!-- Generated by org.testng.reporters.JUnitXMLReporter -->
<testsuite hostname="MacBook-Pro-2.local" ignored="0" name="t003" tests="4" failures="0" timestamp="11 nov 2017 02:19:29 GMT" time="22.963" errors="0">
  <testcase name="f" time="8.627" classname="test.reservarvuelo.ReservarByCruises"/>
  <testcase name="buscarVuelos" time="3.369" classname="test.reservarvuelo.ReservarByCruises"/>
  <testcase name="seleccionarVuelo" time="1.299" classname="test.reservarvuelo.ReservarByCruises"/>
  <testcase name="reservarVuelo" time="5.399" classname="test.reservarvuelo.ReservarByCruises"/>
</testsuite> <!-- t003 -->
